<?xml version="1.0" encoding="UTF-8"?>
<testsuite xmlns:xsi="http://www.w3.org/2001/XMLSchema-instance" xsi:noNamespaceSchemaLocation="https://maven.apache.org/surefire/maven-surefire-plugin/xsd/surefire-test-report-3.0.xsd" version="3.0" name="Page navigation links" time="12.287" tests="3" errors="0" skipped="0" failures="0">
  <properties>
[...]
</properties>
  <testcase name="Go to users page" classname="Page navigation links" time="7.218"/>
  <testcase name="Go to books page" classname="Page navigation links" time="2.583"/>
  <testcase name="Go to dashboard page" classname="Page navigation links" time="2.486"/>
</testsuite>