<?xml version="1.0" encoding="UTF-8"?>
<testsuite xmlns:xsi="http://www.w3.org/2001/XMLSchema-instance" xsi:noNamespaceSchemaLocation="https://maven.apache.org/surefire/maven-surefire-plugin/xsd/surefire-test-report-3.0.xsd" version="3.0" name="Page navigation links" time="6.33" tests="1" errors="0" skipped="0" failures="1">
  <properties>
[...]
</properties>
  <testcase name="Go to users page" classname="Page navigation links" time="6.33">
    <failure type="java.lang.AssertionError"><![CDATA[java.lang.AssertionError
]]></failure>
    <system-out><![CDATA[Jun 08, 2020 5:39:40 PM io.cucumber.junit.Cucumber <init>
WARNING: By default Cucumber is running in --non-strict mode.
This default will change to --strict and --non-strict will be removed.
You can use --strict or @CucumberOptions(strict = true) to suppress this warning



&amp#27;[31mFailed scenarios:&amp#27;[0m

&amp#27;[31mfile:///Users/esreferkam/IdeaProjects/cucumber-personal/src/test/resources/features/PageNavigation.feature:14&amp#27;[0m
# Go to users page



1
 Scenarios (
&amp#27;[31m1 failed&amp#27;[0m
)

4
 Steps (
&amp#27;[31m1 failed&amp#27;[0m
, 
&amp#27;[32m3 passed&amp#27;[0m
)

0m
6.337s





java.lang.AssertionError

	at org.junit.Assert.fail(Assert.java:87)

	at org.junit.Assert.assertTrue(Assert.java:42)

	at org.junit.Assert.assertTrue(Assert.java:53)

	at com.cybertek.library.step_definitions.PageNavigationStepDefs.page_should_be_displayed(PageNavigationStepDefs.java:40)

	at ✽."UsersAD" page should be displayed(file:///Users/esreferkam/IdeaProjects/cucumber-personal/src/test/resources/features/PageNavigation.feature:16)





set up browser
connecting to db
Going to the login page
Logging in as a librarian
Close driver
closing connection to db
scenario.getSourceTagNames() = [@db, @wip]
scenario.getName() = Go to users page
close driver
]]></system-out>
    <system-err><![CDATA[SLF4J: Failed to load class "org.slf4j.impl.StaticLoggerBinder".
SLF4J: Defaulting to no-operation (NOP) logger implementation
SLF4J: See http://www.slf4j.org/codes.html#StaticLoggerBinder for further details.
Starting ChromeDriver 83.0.4103.39 (ccbf011cb2d2b19b506d844400483861342c20cd-refs/branch-heads/4103@{#416}) on port 32356
Only local connections are allowed.
Please see https://chromedriver.chromium.org/security-considerations for suggestions on keeping ChromeDriver safe.
ChromeDriver was started successfully.
Jun 08, 2020 5:39:42 PM org.openqa.selenium.remote.ProtocolHandshake createSession
INFO: Detected dialect: W3C
]]></system-err>
  </testcase>
</testsuite>